<?xml version="1.0" encoding="UTF-8"?>
<!-- Generated by org.testng.reporters.JUnitReportReporter -->
<testsuite hostname="DESKTOP-DRB929D" failures="0" tests="7" name="project10.Mytestcases" time="1.373" errors="0" timestamp="2025-07-21T17:21:03 EET" skipped="6">
  <testcase classname="project10.Mytestcases" name="SwitchToAlert" time="1.373"/>
  <testcase classname="project10.Mytestcases" name="RadioButton">
    <skipped/>
  </testcase> <!-- RadioButton -->
  <testcase classname="project10.Mytestcases" name="SwitchWindow">
    <skipped/>
  </testcase> <!-- SwitchWindow -->
  <testcase classname="project10.Mytestcases" name="SwitchTab">
    <skipped/>
  </testcase> <!-- SwitchTab -->
  <testcase classname="project10.Mytestcases" name="DynamicDropdown">
    <skipped/>
  </testcase> <!-- DynamicDropdown -->
  <testcase classname="project10.Mytestcases" name="StaticDropdown">
    <skipped/>
  </testcase> <!-- StaticDropdown -->
  <testcase classname="project10.Mytestcases" name="CheckBox">
    <skipped/>
  </testcase> <!-- CheckBox -->
</testsuite> <!-- project10.Mytestcases -->
