<?xml version="1.0" encoding="UTF-8"?>
<!-- Generated by org.testng.reporters.JUnitReportReporter -->
<testsuite hostname="DESKTOP-DRB929D" failures="0" tests="12" name="project10.Mytestcases" time="1.959" errors="0" timestamp="2025-07-22T18:00:34 EET" skipped="11">
  <testcase classname="project10.Mytestcases" name="Calendar" time="1.959"/>
  <testcase classname="project10.Mytestcases" name="SwitchWindow">
    <skipped/>
  </testcase> <!-- SwitchWindow -->
  <testcase classname="project10.Mytestcases" name="CheckBox">
    <skipped/>
  </testcase> <!-- CheckBox -->
  <testcase classname="project10.Mytestcases" name="ElementDisplayed">
    <skipped/>
  </testcase> <!-- ElementDisplayed -->
  <testcase classname="project10.Mytestcases" name="WebTable">
    <skipped/>
  </testcase> <!-- WebTable -->
  <testcase classname="project10.Mytestcases" name="StaticDropdown">
    <skipped/>
  </testcase> <!-- StaticDropdown -->
  <testcase classname="project10.Mytestcases" name="MouseHover">
    <skipped/>
  </testcase> <!-- MouseHover -->
  <testcase classname="project10.Mytestcases" name="RadioButton">
    <skipped/>
  </testcase> <!-- RadioButton -->
  <testcase classname="project10.Mytestcases" name="SwitchTab">
    <skipped/>
  </testcase> <!-- SwitchTab -->
  <testcase classname="project10.Mytestcases" name="EnabledDisabled">
    <skipped/>
  </testcase> <!-- EnabledDisabled -->
  <testcase classname="project10.Mytestcases" name="DynamicDropdown">
    <skipped/>
  </testcase> <!-- DynamicDropdown -->
  <testcase classname="project10.Mytestcases" name="SwitchToAlert">
    <skipped/>
  </testcase> <!-- SwitchToAlert -->
</testsuite> <!-- project10.Mytestcases -->
